{"/home/jake/Projects/penplot-svg-tool/source/Line.js": {"path":"/home/jake/Projects/penplot-svg-tool/source/Line.js","statementMap":{"0":{"start":{"line":3,"column":8},"end":{"line":3,"column":19}},"1":{"start":{"line":4,"column":8},"end":{"line":4,"column":19}},"2":{"start":{"line":5,"column":8},"end":{"line":5,"column":22}},"3":{"start":{"line":6,"column":8},"end":{"line":6,"column":22}},"4":{"start":{"line":7,"column":8},"end":{"line":7,"column":22}},"5":{"start":{"line":8,"column":8},"end":{"line":8,"column":22}}},"fnMap":{"0":{"name":"(anonymous_0)","decl":{"start":{"line":2,"column":4},"end":{"line":2,"column":5}},"loc":{"start":{"line":2,"column":22},"end":{"line":9,"column":5}},"line":2}},"branchMap":{},"s":{"0":1,"1":1,"2":1,"3":1,"4":1,"5":1},"f":{"0":1},"b":{},"_coverageSchema":"1a1c01bbd47fc00a2c39e90264f33305004495a9","hash":"ec15648195a552807b3ab487023b4ab29cc21125"}
,"/home/jake/Projects/penplot-svg-tool/source/Vector.js": {"path":"/home/jake/Projects/penplot-svg-tool/source/Vector.js","statementMap":{"0":{"start":{"line":11,"column":8},"end":{"line":11,"column":19}},"1":{"start":{"line":12,"column":8},"end":{"line":12,"column":19}},"2":{"start":{"line":21,"column":8},"end":{"line":21,"column":46}},"3":{"start":{"line":30,"column":8},"end":{"line":33,"column":9}},"4":{"start":{"line":42,"column":8},"end":{"line":45,"column":9}},"5":{"start":{"line":53,"column":8},"end":{"line":53,"column":52}},"6":{"start":{"line":62,"column":8},"end":{"line":62,"column":49}}},"fnMap":{"0":{"name":"(anonymous_0)","decl":{"start":{"line":10,"column":4},"end":{"line":10,"column":5}},"loc":{"start":{"line":10,"column":22},"end":{"line":13,"column":5}},"line":10},"1":{"name":"(anonymous_1)","decl":{"start":{"line":20,"column":4},"end":{"line":20,"column":5}},"loc":{"start":{"line":20,"column":28},"end":{"line":22,"column":5}},"line":20},"2":{"name":"(anonymous_2)","decl":{"start":{"line":29,"column":4},"end":{"line":29,"column":5}},"loc":{"start":{"line":29,"column":16},"end":{"line":34,"column":5}},"line":29},"3":{"name":"(anonymous_3)","decl":{"start":{"line":41,"column":4},"end":{"line":41,"column":5}},"loc":{"start":{"line":41,"column":21},"end":{"line":46,"column":5}},"line":41},"4":{"name":"(anonymous_4)","decl":{"start":{"line":52,"column":4},"end":{"line":52,"column":5}},"loc":{"start":{"line":52,"column":16},"end":{"line":54,"column":5}},"line":52},"5":{"name":"(anonymous_5)","decl":{"start":{"line":61,"column":4},"end":{"line":61,"column":5}},"loc":{"start":{"line":61,"column":21},"end":{"line":63,"column":5}},"line":61}},"branchMap":{},"s":{"0":1,"1":1,"2":0,"3":0,"4":0,"5":0,"6":0},"f":{"0":1,"1":0,"2":0,"3":0,"4":0,"5":0},"b":{},"_coverageSchema":"1a1c01bbd47fc00a2c39e90264f33305004495a9","hash":"3bee45c5de73f693d2bf0e7e850be4ceb21fe25d"}
,"/home/jake/Projects/penplot-svg-tool/source/addLineToSVG.js": {"path":"/home/jake/Projects/penplot-svg-tool/source/addLineToSVG.js","statementMap":{"0":{"start":{"line":16,"column":16},"end":{"line":16,"column":36}},"1":{"start":{"line":17,"column":17},"end":{"line":17,"column":43}},"2":{"start":{"line":18,"column":22},"end":{"line":18,"column":49}},"3":{"start":{"line":20,"column":17},"end":{"line":20,"column":79}},"4":{"start":{"line":21,"column":4},"end":{"line":21,"column":45}},"5":{"start":{"line":22,"column":4},"end":{"line":22,"column":45}},"6":{"start":{"line":23,"column":4},"end":{"line":23,"column":45}},"7":{"start":{"line":24,"column":4},"end":{"line":24,"column":45}},"8":{"start":{"line":25,"column":4},"end":{"line":25,"column":40}},"9":{"start":{"line":26,"column":4},"end":{"line":26,"column":64}},"10":{"start":{"line":28,"column":4},"end":{"line":28,"column":26}},"11":{"start":{"line":29,"column":4},"end":{"line":29,"column":15}}},"fnMap":{"0":{"name":"addLineToSVG","decl":{"start":{"line":14,"column":16},"end":{"line":14,"column":28}},"loc":{"start":{"line":14,"column":59},"end":{"line":30,"column":1}},"line":14}},"branchMap":{"0":{"loc":{"start":{"line":16,"column":16},"end":{"line":16,"column":36}},"type":"binary-expr","locations":[{"start":{"line":16,"column":16},"end":{"line":16,"column":30}},{"start":{"line":16,"column":34},"end":{"line":16,"column":36}}],"line":16},"1":{"loc":{"start":{"line":17,"column":17},"end":{"line":17,"column":43}},"type":"binary-expr","locations":[{"start":{"line":17,"column":17},"end":{"line":17,"column":32}},{"start":{"line":17,"column":36},"end":{"line":17,"column":43}}],"line":17},"2":{"loc":{"start":{"line":18,"column":22},"end":{"line":18,"column":49}},"type":"binary-expr","locations":[{"start":{"line":18,"column":22},"end":{"line":18,"column":42}},{"start":{"line":18,"column":46},"end":{"line":18,"column":49}}],"line":18}},"s":{"0":3,"1":3,"2":3,"3":3,"4":3,"5":3,"6":3,"7":3,"8":3,"9":3,"10":3,"11":3},"f":{"0":3},"b":{"0":[3,3],"1":[3,2],"2":[3,3]},"_coverageSchema":"1a1c01bbd47fc00a2c39e90264f33305004495a9","hash":"48af7607b7d6547eebd79ca036402729591a2f76"}
,"/home/jake/Projects/penplot-svg-tool/source/createSVG.js": {"path":"/home/jake/Projects/penplot-svg-tool/source/createSVG.js","statementMap":{"0":{"start":{"line":12,"column":58},"end":{"line":12,"column":65}},"1":{"start":{"line":13,"column":16},"end":{"line":13,"column":77}},"2":{"start":{"line":14,"column":4},"end":{"line":14,"column":60}},"3":{"start":{"line":15,"column":4},"end":{"line":15,"column":50}},"4":{"start":{"line":16,"column":4},"end":{"line":16,"column":52}},"5":{"start":{"line":17,"column":4},"end":{"line":17,"column":58}},"6":{"start":{"line":18,"column":4},"end":{"line":18,"column":68}},"7":{"start":{"line":19,"column":4},"end":{"line":19,"column":15}}},"fnMap":{"0":{"name":"createSVG","decl":{"start":{"line":11,"column":16},"end":{"line":11,"column":25}},"loc":{"start":{"line":11,"column":68},"end":{"line":20,"column":1}},"line":11}},"branchMap":{"0":{"loc":{"start":{"line":11,"column":26},"end":{"line":11,"column":37}},"type":"default-arg","locations":[{"start":{"line":11,"column":34},"end":{"line":11,"column":37}}],"line":11},"1":{"loc":{"start":{"line":11,"column":39},"end":{"line":11,"column":51}},"type":"default-arg","locations":[{"start":{"line":11,"column":48},"end":{"line":11,"column":51}}],"line":11},"2":{"loc":{"start":{"line":11,"column":53},"end":{"line":11,"column":65}},"type":"default-arg","locations":[{"start":{"line":11,"column":63},"end":{"line":11,"column":65}}],"line":11},"3":{"loc":{"start":{"line":12,"column":10},"end":{"line":12,"column":20}},"type":"default-arg","locations":[{"start":{"line":12,"column":18},"end":{"line":12,"column":20}}],"line":12},"4":{"loc":{"start":{"line":12,"column":22},"end":{"line":12,"column":53}},"type":"default-arg","locations":[{"start":{"line":12,"column":40},"end":{"line":12,"column":53}}],"line":12}},"s":{"0":6,"1":6,"2":6,"3":6,"4":6,"5":6,"6":6,"7":6},"f":{"0":6},"b":{"0":[4],"1":[4],"2":[6],"3":[6],"4":[6]},"_coverageSchema":"1a1c01bbd47fc00a2c39e90264f33305004495a9","hash":"42b43401230ed7ee76d2049cc02acf4cedbaa911"}
}
