{"/home/jake/Projects/penplot-svg-tool/source/Line.js": {"path":"/home/jake/Projects/penplot-svg-tool/source/Line.js","statementMap":{"0":{"start":{"line":11,"column":8},"end":{"line":11,"column":19}},"1":{"start":{"line":12,"column":8},"end":{"line":12,"column":19}},"2":{"start":{"line":13,"column":8},"end":{"line":13,"column":22}},"3":{"start":{"line":14,"column":8},"end":{"line":14,"column":22}},"4":{"start":{"line":15,"column":8},"end":{"line":15,"column":22}},"5":{"start":{"line":16,"column":8},"end":{"line":16,"column":22}}},"fnMap":{"0":{"name":"(anonymous_0)","decl":{"start":{"line":10,"column":4},"end":{"line":10,"column":5}},"loc":{"start":{"line":10,"column":22},"end":{"line":17,"column":5}},"line":10}},"branchMap":{},"s":{"0":1,"1":1,"2":1,"3":1,"4":1,"5":1},"f":{"0":1},"b":{},"_coverageSchema":"1a1c01bbd47fc00a2c39e90264f33305004495a9","hash":"fc87a3c9711d51713f7bd1550d9fca7485418187"}
,"/home/jake/Projects/penplot-svg-tool/source/Sketch.js": {"path":"/home/jake/Projects/penplot-svg-tool/source/Sketch.js","statementMap":{"0":{"start":{"line":18,"column":8},"end":{"line":18,"column":27}},"1":{"start":{"line":19,"column":8},"end":{"line":19,"column":29}},"2":{"start":{"line":20,"column":8},"end":{"line":20,"column":42}},"3":{"start":{"line":21,"column":8},"end":{"line":21,"column":73}},"4":{"start":{"line":22,"column":8},"end":{"line":22,"column":24}},"5":{"start":{"line":23,"column":8},"end":{"line":26,"column":11}},"6":{"start":{"line":33,"column":8},"end":{"line":33,"column":29}},"7":{"start":{"line":34,"column":8},"end":{"line":34,"column":25}},"8":{"start":{"line":41,"column":8},"end":{"line":41,"column":56}},"9":{"start":{"line":45,"column":8},"end":{"line":47,"column":9}},"10":{"start":{"line":46,"column":12},"end":{"line":46,"column":114}},"11":{"start":{"line":51,"column":8},"end":{"line":51,"column":44}}},"fnMap":{"0":{"name":"(anonymous_0)","decl":{"start":{"line":17,"column":4},"end":{"line":17,"column":5}},"loc":{"start":{"line":17,"column":40},"end":{"line":27,"column":5}},"line":17},"1":{"name":"(anonymous_1)","decl":{"start":{"line":32,"column":4},"end":{"line":32,"column":5}},"loc":{"start":{"line":32,"column":11},"end":{"line":35,"column":5}},"line":32},"2":{"name":"(anonymous_2)","decl":{"start":{"line":40,"column":4},"end":{"line":40,"column":5}},"loc":{"start":{"line":40,"column":23},"end":{"line":42,"column":5}},"line":40},"3":{"name":"(anonymous_3)","decl":{"start":{"line":44,"column":4},"end":{"line":44,"column":5}},"loc":{"start":{"line":44,"column":20},"end":{"line":48,"column":5}},"line":44},"4":{"name":"(anonymous_4)","decl":{"start":{"line":50,"column":4},"end":{"line":50,"column":5}},"loc":{"start":{"line":50,"column":16},"end":{"line":52,"column":5}},"line":50}},"branchMap":{"0":{"loc":{"start":{"line":20,"column":21},"end":{"line":20,"column":41}},"type":"binary-expr","locations":[{"start":{"line":20,"column":21},"end":{"line":20,"column":35}},{"start":{"line":20,"column":39},"end":{"line":20,"column":41}}],"line":20},"1":{"loc":{"start":{"line":21,"column":31},"end":{"line":21,"column":72}},"type":"binary-expr","locations":[{"start":{"line":21,"column":31},"end":{"line":21,"column":55}},{"start":{"line":21,"column":59},"end":{"line":21,"column":72}}],"line":21}},"s":{"0":4,"1":4,"2":4,"3":4,"4":4,"5":4,"6":1,"7":1,"8":0,"9":2,"10":2,"11":2},"f":{"0":4,"1":1,"2":0,"3":2,"4":2},"b":{"0":[4,4],"1":[4,4]},"_coverageSchema":"1a1c01bbd47fc00a2c39e90264f33305004495a9","hash":"549781dfe7fc9592372421922e94ea7899cb3025"}
,"/home/jake/Projects/penplot-svg-tool/source/Vector.js": {"path":"/home/jake/Projects/penplot-svg-tool/source/Vector.js","statementMap":{"0":{"start":{"line":11,"column":8},"end":{"line":11,"column":19}},"1":{"start":{"line":12,"column":8},"end":{"line":12,"column":19}},"2":{"start":{"line":21,"column":8},"end":{"line":21,"column":46}},"3":{"start":{"line":31,"column":12},"end":{"line":32,"column":30}},"4":{"start":{"line":43,"column":12},"end":{"line":44,"column":30}},"5":{"start":{"line":49,"column":8},"end":{"line":52,"column":9}},"6":{"start":{"line":56,"column":8},"end":{"line":59,"column":9}},"7":{"start":{"line":67,"column":8},"end":{"line":67,"column":60}},"8":{"start":{"line":76,"column":8},"end":{"line":76,"column":30}},"9":{"start":{"line":77,"column":8},"end":{"line":77,"column":32}}},"fnMap":{"0":{"name":"(anonymous_0)","decl":{"start":{"line":10,"column":4},"end":{"line":10,"column":5}},"loc":{"start":{"line":10,"column":22},"end":{"line":13,"column":5}},"line":10},"1":{"name":"(anonymous_1)","decl":{"start":{"line":20,"column":4},"end":{"line":20,"column":5}},"loc":{"start":{"line":20,"column":28},"end":{"line":22,"column":5}},"line":20},"2":{"name":"(anonymous_2)","decl":{"start":{"line":29,"column":4},"end":{"line":29,"column":5}},"loc":{"start":{"line":29,"column":16},"end":{"line":34,"column":5}},"line":29},"3":{"name":"(anonymous_3)","decl":{"start":{"line":41,"column":4},"end":{"line":41,"column":5}},"loc":{"start":{"line":41,"column":21},"end":{"line":46,"column":5}},"line":41},"4":{"name":"(anonymous_4)","decl":{"start":{"line":48,"column":4},"end":{"line":48,"column":5}},"loc":{"start":{"line":48,"column":23},"end":{"line":53,"column":5}},"line":48},"5":{"name":"(anonymous_5)","decl":{"start":{"line":55,"column":4},"end":{"line":55,"column":5}},"loc":{"start":{"line":55,"column":28},"end":{"line":60,"column":5}},"line":55},"6":{"name":"(anonymous_6)","decl":{"start":{"line":66,"column":4},"end":{"line":66,"column":5}},"loc":{"start":{"line":66,"column":16},"end":{"line":68,"column":5}},"line":66},"7":{"name":"(anonymous_7)","decl":{"start":{"line":75,"column":4},"end":{"line":75,"column":5}},"loc":{"start":{"line":75,"column":21},"end":{"line":78,"column":5}},"line":75}},"branchMap":{},"s":{"0":13,"1":13,"2":1,"3":1,"4":2,"5":1,"6":0,"7":2,"8":1,"9":1},"f":{"0":13,"1":1,"2":1,"3":2,"4":1,"5":0,"6":2,"7":1},"b":{},"_coverageSchema":"1a1c01bbd47fc00a2c39e90264f33305004495a9","hash":"107444ede6e287ff21e7411c9988322409358d67"}
,"/home/jake/Projects/penplot-svg-tool/source/addLineToSVG.js": {"path":"/home/jake/Projects/penplot-svg-tool/source/addLineToSVG.js","statementMap":{"0":{"start":{"line":16,"column":16},"end":{"line":16,"column":36}},"1":{"start":{"line":17,"column":17},"end":{"line":17,"column":43}},"2":{"start":{"line":18,"column":22},"end":{"line":18,"column":49}},"3":{"start":{"line":20,"column":17},"end":{"line":20,"column":79}},"4":{"start":{"line":21,"column":4},"end":{"line":21,"column":45}},"5":{"start":{"line":22,"column":4},"end":{"line":22,"column":45}},"6":{"start":{"line":23,"column":4},"end":{"line":23,"column":45}},"7":{"start":{"line":24,"column":4},"end":{"line":24,"column":45}},"8":{"start":{"line":25,"column":4},"end":{"line":25,"column":40}},"9":{"start":{"line":26,"column":4},"end":{"line":26,"column":64}},"10":{"start":{"line":28,"column":4},"end":{"line":28,"column":26}},"11":{"start":{"line":29,"column":4},"end":{"line":29,"column":15}}},"fnMap":{"0":{"name":"addLineToSVG","decl":{"start":{"line":14,"column":16},"end":{"line":14,"column":28}},"loc":{"start":{"line":14,"column":59},"end":{"line":30,"column":1}},"line":14}},"branchMap":{"0":{"loc":{"start":{"line":16,"column":16},"end":{"line":16,"column":36}},"type":"binary-expr","locations":[{"start":{"line":16,"column":16},"end":{"line":16,"column":30}},{"start":{"line":16,"column":34},"end":{"line":16,"column":36}}],"line":16},"1":{"loc":{"start":{"line":17,"column":17},"end":{"line":17,"column":43}},"type":"binary-expr","locations":[{"start":{"line":17,"column":17},"end":{"line":17,"column":32}},{"start":{"line":17,"column":36},"end":{"line":17,"column":43}}],"line":17},"2":{"loc":{"start":{"line":18,"column":22},"end":{"line":18,"column":49}},"type":"binary-expr","locations":[{"start":{"line":18,"column":22},"end":{"line":18,"column":42}},{"start":{"line":18,"column":46},"end":{"line":18,"column":49}}],"line":18}},"s":{"0":5,"1":5,"2":5,"3":5,"4":5,"5":5,"6":5,"7":5,"8":5,"9":5,"10":5,"11":5},"f":{"0":5},"b":{"0":[5,5],"1":[5,2],"2":[5,3]},"_coverageSchema":"1a1c01bbd47fc00a2c39e90264f33305004495a9","hash":"48af7607b7d6547eebd79ca036402729591a2f76"}
,"/home/jake/Projects/penplot-svg-tool/source/createSVG.js": {"path":"/home/jake/Projects/penplot-svg-tool/source/createSVG.js","statementMap":{"0":{"start":{"line":12,"column":58},"end":{"line":12,"column":65}},"1":{"start":{"line":13,"column":16},"end":{"line":13,"column":77}},"2":{"start":{"line":14,"column":4},"end":{"line":14,"column":60}},"3":{"start":{"line":15,"column":4},"end":{"line":15,"column":50}},"4":{"start":{"line":16,"column":4},"end":{"line":16,"column":52}},"5":{"start":{"line":17,"column":4},"end":{"line":17,"column":58}},"6":{"start":{"line":18,"column":4},"end":{"line":18,"column":68}},"7":{"start":{"line":19,"column":4},"end":{"line":19,"column":15}}},"fnMap":{"0":{"name":"createSVG","decl":{"start":{"line":11,"column":16},"end":{"line":11,"column":25}},"loc":{"start":{"line":11,"column":68},"end":{"line":20,"column":1}},"line":11}},"branchMap":{"0":{"loc":{"start":{"line":11,"column":26},"end":{"line":11,"column":37}},"type":"default-arg","locations":[{"start":{"line":11,"column":34},"end":{"line":11,"column":37}}],"line":11},"1":{"loc":{"start":{"line":11,"column":39},"end":{"line":11,"column":51}},"type":"default-arg","locations":[{"start":{"line":11,"column":48},"end":{"line":11,"column":51}}],"line":11},"2":{"loc":{"start":{"line":11,"column":53},"end":{"line":11,"column":65}},"type":"default-arg","locations":[{"start":{"line":11,"column":63},"end":{"line":11,"column":65}}],"line":11},"3":{"loc":{"start":{"line":12,"column":10},"end":{"line":12,"column":20}},"type":"default-arg","locations":[{"start":{"line":12,"column":18},"end":{"line":12,"column":20}}],"line":12},"4":{"loc":{"start":{"line":12,"column":22},"end":{"line":12,"column":53}},"type":"default-arg","locations":[{"start":{"line":12,"column":40},"end":{"line":12,"column":53}}],"line":12}},"s":{"0":10,"1":10,"2":10,"3":10,"4":10,"5":10,"6":10,"7":10},"f":{"0":10},"b":{"0":[6],"1":[6],"2":[6],"3":[6],"4":[6]},"_coverageSchema":"1a1c01bbd47fc00a2c39e90264f33305004495a9","hash":"42b43401230ed7ee76d2049cc02acf4cedbaa911"}
,"/home/jake/Projects/penplot-svg-tool/source/deduplicateObjectArray.js": {"path":"/home/jake/Projects/penplot-svg-tool/source/deduplicateObjectArray.js","statementMap":{"0":{"start":{"line":8,"column":4},"end":{"line":9,"column":30}},"1":{"start":{"line":8,"column":40},"end":{"line":8,"column":57}},"2":{"start":{"line":9,"column":16},"end":{"line":9,"column":29}}},"fnMap":{"0":{"name":"deduplicateObjectArray","decl":{"start":{"line":7,"column":16},"end":{"line":7,"column":38}},"loc":{"start":{"line":7,"column":46},"end":{"line":10,"column":1}},"line":7},"1":{"name":"(anonymous_1)","decl":{"start":{"line":8,"column":33},"end":{"line":8,"column":34}},"loc":{"start":{"line":8,"column":40},"end":{"line":8,"column":57}},"line":8},"2":{"name":"(anonymous_2)","decl":{"start":{"line":9,"column":9},"end":{"line":9,"column":10}},"loc":{"start":{"line":9,"column":16},"end":{"line":9,"column":29}},"line":9}},"branchMap":{},"s":{"0":0,"1":0,"2":0},"f":{"0":0,"1":0,"2":0},"b":{},"_coverageSchema":"1a1c01bbd47fc00a2c39e90264f33305004495a9","hash":"fed6a9c0a15ee5a5ff8f5b3a2f29921192935c01"}
}
