TN:
SF:source/Line.js
FN:10,(anonymous_0)
FNF:1
FNH:1
FNDA:1,(anonymous_0)
DA:11,1
DA:12,1
DA:13,1
DA:14,1
DA:15,1
DA:16,1
LF:6
LH:6
BRF:0
BRH:0
end_of_record
TN:
SF:source/Sketch.js
FN:17,(anonymous_0)
FN:32,(anonymous_1)
FN:40,(anonymous_2)
FN:44,(anonymous_3)
FN:50,(anonymous_4)
FNF:5
FNH:4
FNDA:4,(anonymous_0)
FNDA:1,(anonymous_1)
FNDA:0,(anonymous_2)
FNDA:2,(anonymous_3)
FNDA:2,(anonymous_4)
DA:18,4
DA:19,4
DA:20,4
DA:21,4
DA:22,4
DA:23,4
DA:33,1
DA:34,1
DA:41,0
DA:45,2
DA:46,2
DA:51,2
LF:12
LH:11
BRDA:20,0,0,4
BRDA:20,0,1,4
BRDA:21,1,0,4
BRDA:21,1,1,4
BRF:4
BRH:4
end_of_record
TN:
SF:source/Vector.js
FN:10,(anonymous_0)
FN:20,(anonymous_1)
FN:29,(anonymous_2)
FN:41,(anonymous_3)
FN:48,(anonymous_4)
FN:55,(anonymous_5)
FN:66,(anonymous_6)
FN:75,(anonymous_7)
FNF:8
FNH:7
FNDA:13,(anonymous_0)
FNDA:1,(anonymous_1)
FNDA:1,(anonymous_2)
FNDA:2,(anonymous_3)
FNDA:1,(anonymous_4)
FNDA:0,(anonymous_5)
FNDA:2,(anonymous_6)
FNDA:1,(anonymous_7)
DA:11,13
DA:12,13
DA:21,1
DA:31,1
DA:43,2
DA:49,1
DA:56,0
DA:67,2
DA:76,1
DA:77,1
LF:10
LH:9
BRF:0
BRH:0
end_of_record
TN:
SF:source/addLineToSVG.js
FN:14,addLineToSVG
FNF:1
FNH:1
FNDA:5,addLineToSVG
DA:16,5
DA:17,5
DA:18,5
DA:20,5
DA:21,5
DA:22,5
DA:23,5
DA:24,5
DA:25,5
DA:26,5
DA:28,5
DA:29,5
LF:12
LH:12
BRDA:16,0,0,5
BRDA:16,0,1,5
BRDA:17,1,0,5
BRDA:17,1,1,2
BRDA:18,2,0,5
BRDA:18,2,1,3
BRF:6
BRH:6
end_of_record
TN:
SF:source/createSVG.js
FN:11,createSVG
FNF:1
FNH:1
FNDA:10,createSVG
DA:12,10
DA:13,10
DA:14,10
DA:15,10
DA:16,10
DA:17,10
DA:18,10
DA:19,10
LF:8
LH:8
BRDA:11,0,0,6
BRDA:11,1,0,6
BRDA:11,2,0,6
BRDA:12,3,0,6
BRDA:12,4,0,6
BRF:5
BRH:5
end_of_record
TN:
SF:source/deduplicateObjectArray.js
FN:7,deduplicateObjectArray
FN:8,(anonymous_1)
FN:9,(anonymous_2)
FNF:3
FNH:0
FNDA:0,deduplicateObjectArray
FNDA:0,(anonymous_1)
FNDA:0,(anonymous_2)
DA:8,0
DA:9,0
LF:2
LH:0
BRF:0
BRH:0
end_of_record
