TN:
SF:source/Line.js
FN:2,(anonymous_0)
FNF:1
FNH:1
FNDA:1,(anonymous_0)
DA:3,1
DA:4,1
DA:5,1
DA:6,1
DA:7,1
DA:8,1
LF:6
LH:6
BRF:0
BRH:0
end_of_record
TN:
SF:source/Vector.js
FN:10,(anonymous_0)
FN:20,(anonymous_1)
FN:29,(anonymous_2)
FN:41,(anonymous_3)
FN:52,(anonymous_4)
FN:61,(anonymous_5)
FNF:6
FNH:1
FNDA:1,(anonymous_0)
FNDA:0,(anonymous_1)
FNDA:0,(anonymous_2)
FNDA:0,(anonymous_3)
FNDA:0,(anonymous_4)
FNDA:0,(anonymous_5)
DA:11,1
DA:12,1
DA:21,0
DA:30,0
DA:42,0
DA:53,0
DA:62,0
LF:7
LH:2
BRF:0
BRH:0
end_of_record
TN:
SF:source/addLineToSVG.js
FN:14,addLineToSVG
FNF:1
FNH:1
FNDA:3,addLineToSVG
DA:16,3
DA:17,3
DA:18,3
DA:20,3
DA:21,3
DA:22,3
DA:23,3
DA:24,3
DA:25,3
DA:26,3
DA:28,3
DA:29,3
LF:12
LH:12
BRDA:16,0,0,3
BRDA:16,0,1,3
BRDA:17,1,0,3
BRDA:17,1,1,2
BRDA:18,2,0,3
BRDA:18,2,1,3
BRF:6
BRH:6
end_of_record
TN:
SF:source/createSVG.js
FN:11,createSVG
FNF:1
FNH:1
FNDA:6,createSVG
DA:12,6
DA:13,6
DA:14,6
DA:15,6
DA:16,6
DA:17,6
DA:18,6
DA:19,6
LF:8
LH:8
BRDA:11,0,0,4
BRDA:11,1,0,4
BRDA:11,2,0,6
BRDA:12,3,0,6
BRDA:12,4,0,6
BRF:5
BRH:5
end_of_record
